2022-10-22 16:46:29.718  INFO 17512 --- [main] com.itheima.Application                  : Starting Application using Java 1.8.0_333 on DESKTOP-38OLK1L with PID 17512 (G:\java_project\springboot_project\devops\springboot_11_log\target\classes started by gystrong in G:\java_project\springboot_project\devops)
2022-10-22 16:46:29.746  INFO 17512 --- [main] com.itheima.Application                  : No active profile set, falling back to default profiles: default
2022-10-22 16:46:31.246  INFO 17512 --- [main] o.s.b.w.embedded.tomcat.TomcatWebServer  : Tomcat initialized with port(s): 8080 (http)
2022-10-22 16:46:31.252  INFO 17512 --- [main] o.apache.catalina.core.StandardService   : Starting service [Tomcat]
2022-10-22 16:46:31.253  INFO 17512 --- [main] org.apache.catalina.core.StandardEngine  : Starting Servlet engine: [Apache Tomcat/9.0.52]
2022-10-22 16:46:31.254  INFO 17512 --- [main] o.a.catalina.core.AprLifecycleListener   : Loaded Apache Tomcat Native library [1.2.33] using APR version [1.7.0].
2022-10-22 16:46:31.254  INFO 17512 --- [main] o.a.catalina.core.AprLifecycleListener   : APR capabilities: IPv6 [true], sendfile [true], accept filters [false], random [true], UDS [true].
2022-10-22 16:46:31.254  INFO 17512 --- [main] o.a.catalina.core.AprLifecycleListener   : APR/OpenSSL configuration: useAprConnector [false], useOpenSSL [true]
2022-10-22 16:46:31.329  INFO 17512 --- [main] o.a.catalina.core.AprLifecycleListener   : OpenSSL successfully initialized [OpenSSL 1.1.1o  3 May 2022]
2022-10-22 16:46:31.393  INFO 17512 --- [main] o.a.c.c.C.[Tomcat].[localhost].[/]       : Initializing Spring embedded WebApplicationContext
2022-10-22 16:46:31.393  INFO 17512 --- [main] w.s.c.ServletWebServerApplicationContext : Root WebApplicationContext: initialization completed in 1586 ms
2022-10-22 16:46:31.789  INFO 17512 --- [main] o.s.b.w.embedded.tomcat.TomcatWebServer  : Tomcat started on port(s): 8080 (http) with context path ''
2022-10-22 16:46:31.795  INFO 17512 --- [main] com.itheima.Application                  : Started Application in 2.767 seconds (JVM running for 4.11)
2022-10-22 16:46:44.017  INFO 17512 --- [http-nio-8080-exec-1] o.a.c.c.C.[Tomcat].[localhost].[/]       : Initializing Spring DispatcherServlet 'dispatcherServlet'
2022-10-22 16:46:44.018  INFO 17512 --- [http-nio-8080-exec-1] o.s.web.servlet.DispatcherServlet        : Initializing Servlet 'dispatcherServlet'
2022-10-22 16:46:44.018  INFO 17512 --- [http-nio-8080-exec-1] o.s.web.servlet.DispatcherServlet        : Completed initialization in 0 ms
2022-10-22 16:47:08.862  WARN 17512 --- [http-nio-8080-exec-5] com.itheima.controller.BookController    : warn...
2022-10-22 16:47:08.863 ERROR 17512 --- [http-nio-8080-exec-5] com.itheima.controller.BookController    : error...
2022-10-22 16:47:10.739  WARN 17512 --- [http-nio-8080-exec-6] com.itheima.controller.BookController    : warn...
2022-10-22 16:47:10.740 ERROR 17512 --- [http-nio-8080-exec-6] com.itheima.controller.BookController    : error...
2022-10-22 16:47:13.137  WARN 17512 --- [http-nio-8080-exec-7] com.itheima.controller.BookController    : warn...
2022-10-22 16:47:13.138 ERROR 17512 --- [http-nio-8080-exec-7] com.itheima.controller.BookController    : error...
2022-10-22 16:47:13.531  WARN 17512 --- [http-nio-8080-exec-8] com.itheima.controller.BookController    : warn...
2022-10-22 16:47:13.531 ERROR 17512 --- [http-nio-8080-exec-8] com.itheima.controller.BookController    : error...
2022-10-22 16:47:13.907  WARN 17512 --- [http-nio-8080-exec-9] com.itheima.controller.BookController    : warn...
2022-10-22 16:47:13.907 ERROR 17512 --- [http-nio-8080-exec-9] com.itheima.controller.BookController    : error...
2022-10-22 16:47:20.296  WARN 17512 --- [http-nio-8080-exec-10] com.itheima.controller.BookController    : warn...
2022-10-22 16:47:20.296 ERROR 17512 --- [http-nio-8080-exec-10] com.itheima.controller.BookController    : error...
2022-10-22 16:47:20.843  WARN 17512 --- [http-nio-8080-exec-1] com.itheima.controller.BookController    : warn...
2022-10-22 16:47:20.843 ERROR 17512 --- [http-nio-8080-exec-1] com.itheima.controller.BookController    : error...
2022-10-22 16:47:21.256  WARN 17512 --- [http-nio-8080-exec-2] com.itheima.controller.BookController    : warn...
